2014-07-09 21:08:47.007 HelloCordova[1609:70b] Multi-tasking -> Device: YES, App: YES
2014-07-09 21:08:47.021 HelloCordova[1609:70b] Unlimited access to network resources
2014-07-09 21:08:47.141 HelloCordova[1609:70b] [CDVTimer][keyboard] 0.082016ms
2014-07-09 21:08:47.141 HelloCordova[1609:70b] CDVPlugin class CDVStatusBar (pluginName: statusbar) does not exist.
2014-07-09 21:08:47.141 HelloCordova[1609:70b] [CDVTimer][statusbar] 0.504017ms
2014-07-09 21:08:47.142 HelloCordova[1609:70b] [CDVTimer][TotalPluginStartup] 1.331985ms
2014-07-09 21:08:47.241 HelloCordova[1609:70b] Resetting plugins due to page load.
2014-07-09 21:08:47.398 HelloCordova[1609:70b] Finished load of: file:///Users/pranavaswaroop/Library/Application%20Support/iPhone%20Simulator/7.1/Applications/2926400D-A705-4F16-9BF4-BA61B64A03C1/HelloCordova.app/www/index.html
2014-07-09 21:22:49.286 ChatApp[2074:70b] Multi-tasking -> Device: YES, App: YES
2014-07-09 21:22:49.291 ChatApp[2074:70b] Unlimited access to network resources
2014-07-09 21:22:49.294 ChatApp[2074:70b] Fix applied for database locations?: YES
2014-07-09 21:22:49.307 ChatApp[2074:70b] [CDVTimer][keyboard] 0.063002ms
2014-07-09 21:22:49.307 ChatApp[2074:70b] CDVPlugin class CDVStatusBar (pluginName: statusbar) does not exist.
2014-07-09 21:22:49.308 ChatApp[2074:70b] [CDVTimer][statusbar] 0.418007ms
2014-07-09 21:22:49.308 ChatApp[2074:70b] [CDVTimer][TotalPluginStartup] 1.326025ms
2014-07-09 21:22:49.362 ChatApp[2074:70b] Resetting plugins due to page load.
2014-07-09 21:22:49.446 ChatApp[2074:70b] Finished load of: file:///Users/pranavaswaroop/Library/Application%20Support/iPhone%20Simulator/7.1/Applications/EBAE53DD-2C0A-4411-BF16-35A9532496EF/ChatApp.app/www/index.html
2014-07-16 20:53:27.151 ChatApp[1072:70b] Multi-tasking -> Device: YES, App: YES
2014-07-16 20:53:27.172 ChatApp[1072:70b] Unlimited access to network resources
2014-07-16 20:53:27.326 ChatApp[1072:70b] [CDVTimer][keyboard] 0.077009ms
2014-07-16 20:53:27.326 ChatApp[1072:70b] CDVPlugin class CDVStatusBar (pluginName: statusbar) does not exist.
2014-07-16 20:53:27.327 ChatApp[1072:70b] [CDVTimer][statusbar] 0.397980ms
2014-07-16 20:53:27.327 ChatApp[1072:70b] [CDVTimer][TotalPluginStartup] 1.230001ms
2014-07-16 20:53:27.443 ChatApp[1072:70b] Resetting plugins due to page load.
2014-07-16 20:53:27.593 ChatApp[1072:70b] Finished load of: file:///Users/pranavaswaroop/Library/Application%20Support/iPhone%20Simulator/7.1/Applications/EBAE53DD-2C0A-4411-BF16-35A9532496EF/ChatApp.app/www/index.html
2014-07-16 21:30:21.322 ChatApp[1558:70b] Multi-tasking -> Device: YES, App: YES
2014-07-16 21:30:21.330 ChatApp[1558:70b] Unlimited access to network resources
2014-07-16 21:30:21.347 ChatApp[1558:70b] [CDVTimer][keyboard] 0.078976ms
2014-07-16 21:30:21.347 ChatApp[1558:70b] CDVPlugin class CDVStatusBar (pluginName: statusbar) does not exist.
2014-07-16 21:30:21.348 ChatApp[1558:70b] [CDVTimer][statusbar] 0.402987ms
2014-07-16 21:30:21.348 ChatApp[1558:70b] [CDVTimer][TotalPluginStartup] 1.294971ms
2014-07-16 21:30:21.421 ChatApp[1558:70b] Resetting plugins due to page load.
2014-07-16 21:30:21.561 ChatApp[1558:70b] Finished load of: file:///Users/pranavaswaroop/Library/Application%20Support/iPhone%20Simulator/7.1/Applications/EBAE53DD-2C0A-4411-BF16-35A9532496EF/ChatApp.app/www/index.html
2014-07-16 22:14:36.476 ChatApp[1873:70b] Multi-tasking -> Device: YES, App: YES
2014-07-16 22:14:36.481 ChatApp[1873:70b] Unlimited access to network resources
2014-07-16 22:14:36.497 ChatApp[1873:70b] [CDVTimer][keyboard] 0.047028ms
2014-07-16 22:14:36.497 ChatApp[1873:70b] CDVPlugin class CDVStatusBar (pluginName: statusbar) does not exist.
2014-07-16 22:14:36.497 ChatApp[1873:70b] [CDVTimer][statusbar] 0.340998ms
2014-07-16 22:14:36.498 ChatApp[1873:70b] [CDVTimer][TotalPluginStartup] 1.089990ms
2014-07-16 22:14:36.555 ChatApp[1873:70b] Resetting plugins due to page load.
2014-07-16 22:14:36.640 ChatApp[1873:70b] Finished load of: file:///Users/pranavaswaroop/Library/Application%20Support/iPhone%20Simulator/7.1/Applications/EBAE53DD-2C0A-4411-BF16-35A9532496EF/ChatApp.app/www/index.html
2014-07-28 22:24:42.069 ChatApp[1448:70b] Multi-tasking -> Device: YES, App: YES
2014-07-28 22:24:42.088 ChatApp[1448:70b] Unlimited access to network resources
2014-07-28 22:24:42.246 ChatApp[1448:70b] [CDVTimer][keyboard] 0.087023ms
2014-07-28 22:24:42.247 ChatApp[1448:70b] CDVPlugin class CDVStatusBar (pluginName: statusbar) does not exist.
2014-07-28 22:24:42.247 ChatApp[1448:70b] [CDVTimer][statusbar] 0.621974ms
2014-07-28 22:24:42.248 ChatApp[1448:70b] [CDVTimer][TotalPluginStartup] 1.634002ms
2014-07-28 22:24:42.389 ChatApp[1448:70b] Resetting plugins due to page load.
2014-07-28 22:24:42.553 ChatApp[1448:70b] Finished load of: file:///Users/pranavaswaroop/Library/Application%20Support/iPhone%20Simulator/7.1/Applications/EBAE53DD-2C0A-4411-BF16-35A9532496EF/ChatApp.app/www/index.html
2014-07-28 22:26:30.702 ChatApp[1649:70b] Multi-tasking -> Device: YES, App: YES
2014-07-28 22:26:30.707 ChatApp[1649:70b] Unlimited access to network resources
2014-07-28 22:26:30.718 ChatApp[1649:70b] [CDVTimer][keyboard] 0.050008ms
2014-07-28 22:26:30.719 ChatApp[1649:70b] CDVPlugin class CDVStatusBar (pluginName: statusbar) does not exist.
2014-07-28 22:26:30.719 ChatApp[1649:70b] [CDVTimer][statusbar] 0.308990ms
2014-07-28 22:26:30.719 ChatApp[1649:70b] [CDVTimer][TotalPluginStartup] 0.979006ms
2014-07-28 22:26:30.786 ChatApp[1649:70b] Resetting plugins due to page load.
2014-07-28 22:26:30.872 ChatApp[1649:70b] Finished load of: file:///Users/pranavaswaroop/Library/Application%20Support/iPhone%20Simulator/7.1/Applications/EBAE53DD-2C0A-4411-BF16-35A9532496EF/ChatApp.app/www/index.html
